<?xml version="1.0" encoding="UTF-8"?>
<!-- Generated by org.testng.reporters.JUnitReportReporter -->
<testsuite hostname="DESKTOP-7SGC2J0" name="datadrivenframework.Tc1" tests="1" failures="0" timestamp="13 Jul 2019 05:29:25 GMT" time="8.635" errors="0">
  <testcase name="datadrive" time="8.635" classname="datadrivenframework.Tc1"/>
</testsuite> <!-- datadrivenframework.Tc1 -->
