<?xml version="1.0" encoding="UTF-8"?>
<!-- Generated by org.testng.reporters.JUnitReportReporter -->
<testsuite hostname="DESKTOP-7SGC2J0" name="testng.WorkingWithDatePickerTc1" tests="1" failures="0" timestamp="11 Jul 2019 13:49:48 GMT" time="3.995" errors="0">
  <testcase name="datepicker" time="3.995" classname="testng.WorkingWithDatePickerTc1"/>
</testsuite> <!-- testng.WorkingWithDatePickerTc1 -->
