<?xml version="1.0" encoding="UTF-8"?>
<!-- Generated by org.testng.reporters.JUnitReportReporter -->
<testsuite hostname="DESKTOP-7SGC2J0" name="testng.WorkingWithRobotTc3" tests="1" failures="0" timestamp="28 Jun 2019 15:43:06 GMT" time="13.128" errors="0">
  <testcase name="robot" time="13.128" classname="testng.WorkingWithRobotTc3"/>
</testsuite> <!-- testng.WorkingWithRobotTc3 -->
