<?xml version="1.0" encoding="UTF-8"?>
<!-- Generated by org.testng.reporters.JUnitReportReporter -->
<testsuite hostname="DESKTOP-7SGC2J0" name="testng.WorkingWithAdvUserInterTc1" tests="1" failures="0" timestamp="2 Jul 2019 07:10:04 GMT" time="5.388" errors="0">
  <testcase name="mouse" time="5.388" classname="testng.WorkingWithAdvUserInterTc1"/>
</testsuite> <!-- testng.WorkingWithAdvUserInterTc1 -->
