<?xml version="1.0" encoding="UTF-8"?>
<!-- Generated by org.testng.reporters.JUnitReportReporter -->
<testsuite hostname="DESKTOP-7SGC2J0" name="apachepoi.WebdriverWithApachePoiTc2" tests="1" failures="0" timestamp="3 Jul 2019 18:13:58 GMT" time="6.702" errors="0">
  <testcase name="data" time="6.702" classname="apachepoi.WebdriverWithApachePoiTc2"/>
</testsuite> <!-- apachepoi.WebdriverWithApachePoiTc2 -->
