<?xml version="1.0" encoding="UTF-8"?>
<!-- Generated by org.testng.reporters.JUnitReportReporter -->
<testsuite hostname="DESKTOP-7SGC2J0" name="testng.WorkingWithAdvUserInterTc4" tests="1" failures="0" timestamp="27 Jun 2019 15:44:51 GMT" time="0.340" errors="0">
  <testcase name="dragAndDrop" time="0.340" classname="testng.WorkingWithAdvUserInterTc4"/>
</testsuite> <!-- testng.WorkingWithAdvUserInterTc4 -->
