<?xml version="1.0" encoding="UTF-8"?>
<!-- Generated by org.testng.reporters.JUnitReportReporter -->
<testsuite hostname="DESKTOP-7SGC2J0" name="testng.WorkingWithJavascriptTc2" tests="1" failures="0" timestamp="11 Jul 2019 15:13:42 GMT" time="3.039" errors="0">
  <testcase name="title" time="3.039" classname="testng.WorkingWithJavascriptTc2"/>
</testsuite> <!-- testng.WorkingWithJavascriptTc2 -->
