<?xml version="1.0" encoding="UTF-8"?>
<!-- Generated by org.testng.reporters.JUnitReportReporter -->
<testsuite hostname="DESKTOP-7SGC2J0" name="testng.WorkingWithSikuliTc1" tests="1" failures="0" timestamp="28 Jun 2019 16:54:38 GMT" time="6.086" errors="0">
  <testcase name="orangehrm" time="6.086" classname="testng.WorkingWithSikuliTc1"/>
</testsuite> <!-- testng.WorkingWithSikuliTc1 -->
