<?xml version="1.0" encoding="UTF-8"?>
<!-- Generated by org.testng.reporters.JUnitReportReporter -->
<testsuite hostname="DESKTOP-7SGC2J0" name="realtimetask.Tc4" tests="1" failures="0" timestamp="18 Jul 2019 17:28:18 GMT" time="9.711" errors="0">
  <testcase name="data" time="9.711" classname="realtimetask.Tc4"/>
</testsuite> <!-- realtimetask.Tc4 -->
