<?xml version="1.0" encoding="UTF-8"?>
<!-- Generated by org.testng.reporters.JUnitReportReporter -->
<testsuite hostname="DESKTOP-7SGC2J0" name="testng.WorkingWithRobotTc4" tests="1" failures="0" timestamp="28 Jun 2019 16:14:58 GMT" time="13.453" errors="0">
  <testcase name="orangehrm" time="13.453" classname="testng.WorkingWithRobotTc4"/>
</testsuite> <!-- testng.WorkingWithRobotTc4 -->
