<?xml version="1.0" encoding="UTF-8"?>
<!-- Generated by org.testng.reporters.JUnitReportReporter -->
<testsuite hostname="DESKTOP-7SGC2J0" name="datadrivenframework.Tc2" tests="1" failures="0" timestamp="14 Jul 2019 17:24:38 GMT" time="19.648" errors="0">
  <testcase name="data" time="19.648" classname="datadrivenframework.Tc2"/>
</testsuite> <!-- datadrivenframework.Tc2 -->
