<?xml version="1.0" encoding="UTF-8"?>
<!-- Generated by org.testng.reporters.JUnitReportReporter -->
<testsuite hostname="DESKTOP-7SGC2J0" name="testnglisteners.tc2" tests="1" failures="0" timestamp="2 Jul 2019 07:14:31 GMT" time="3.929" errors="0">
  <testcase name="data" time="3.929" classname="testnglisteners.tc2"/>
</testsuite> <!-- testnglisteners.tc2 -->
