<?xml version="1.0" encoding="UTF-8"?>
<!-- Generated by org.testng.reporters.JUnitReportReporter -->
<testsuite hostname="DESKTOP-7SGC2J0" name="testng.WorkingWithAutoItTc2" tests="1" failures="0" timestamp="28 Jun 2019 17:53:04 GMT" time="5.049" errors="0">
  <testcase name="robot" time="5.049" classname="testng.WorkingWithAutoItTc2"/>
</testsuite> <!-- testng.WorkingWithAutoItTc2 -->
