<?xml version="1.0" encoding="UTF-8"?>
<!-- Generated by org.testng.reporters.JUnitReportReporter -->
<testsuite hostname="DESKTOP-7SGC2J0" name="testng.WorkingWithAdvUserInterTc3" tests="1" failures="0" timestamp="27 Jun 2019 15:35:13 GMT" time="0.900" errors="0">
  <testcase name="mouse" time="0.900" classname="testng.WorkingWithAdvUserInterTc3"/>
</testsuite> <!-- testng.WorkingWithAdvUserInterTc3 -->
