<?xml version="1.0" encoding="UTF-8"?>
<!-- Generated by org.testng.reporters.JUnitReportReporter -->
<testsuite hostname="DESKTOP-7SGC2J0" name="testng.WorkingWithJavaScriptTc3" tests="1" failures="0" timestamp="11 Jul 2019 15:19:29 GMT" time="11.993" errors="0">
  <testcase name="backforward" time="11.993" classname="testng.WorkingWithJavaScriptTc3"/>
</testsuite> <!-- testng.WorkingWithJavaScriptTc3 -->
