<?xml version="1.0" encoding="UTF-8"?>
<!-- Generated by org.testng.reporters.JUnitReportReporter -->
<testsuite hostname="DESKTOP-7SGC2J0" name="testng.WorkingWithRobotTc2" tests="1" failures="0" timestamp="28 Jun 2019 15:18:46 GMT" time="10.787" errors="0">
  <testcase name="robot" time="10.787" classname="testng.WorkingWithRobotTc2"/>
</testsuite> <!-- testng.WorkingWithRobotTc2 -->
