<?xml version="1.0" encoding="UTF-8"?>
<!-- Generated by org.testng.reporters.JUnitReportReporter -->
<testsuite hostname="DESKTOP-7SGC2J0" name="apachepoi.Task1" tests="1" failures="0" timestamp="4 Jul 2019 18:05:56 GMT" time="11.222" errors="0">
  <testcase name="data" time="11.222" classname="apachepoi.Task1"/>
</testsuite> <!-- apachepoi.Task1 -->
