<?xml version="1.0" encoding="UTF-8"?>
<!-- Generated by org.testng.reporters.JUnitReportReporter -->
<testsuite hostname="DESKTOP-7SGC2J0" name="testng.Tc2" tests="1" failures="0" timestamp="26 Jun 2019 16:17:25 GMT" time="0.827" errors="0">
  <testcase name="data" time="0.827" classname="testng.Tc2"/>
</testsuite> <!-- testng.Tc2 -->
