<?xml version="1.0" encoding="UTF-8"?>
<!-- Generated by org.testng.reporters.JUnitReportReporter -->
<testsuite hostname="DESKTOP-7SGC2J0" name="testng.WorkingWithPropertyFileTc1" tests="1" failures="0" timestamp="29 Jun 2019 17:05:01 GMT" time="2.784" errors="0">
  <testcase name="login" time="2.784" classname="testng.WorkingWithPropertyFileTc1"/>
</testsuite> <!-- testng.WorkingWithPropertyFileTc1 -->
