<?xml version="1.0" encoding="UTF-8"?>
<!-- Generated by org.testng.reporters.JUnitReportReporter -->
<testsuite hostname="DESKTOP-7SGC2J0" name="apachepoi.Task2" tests="1" failures="0" timestamp="4 Jul 2019 18:14:19 GMT" time="4.763" errors="0">
  <testcase name="data" time="4.763" classname="apachepoi.Task2"/>
</testsuite> <!-- apachepoi.Task2 -->
