<?xml version="1.0" encoding="UTF-8"?>
<!-- Generated by org.testng.reporters.JUnitReportReporter -->
<testsuite hostname="DESKTOP-7SGC2J0" name="log4j.WorkinWithLog4jTc1" tests="1" failures="0" timestamp="17 Jul 2019 07:59:27 GMT" time="6.974" errors="0">
  <testcase name="robot" time="6.974" classname="log4j.WorkinWithLog4jTc1"/>
</testsuite> <!-- log4j.WorkinWithLog4jTc1 -->
