<?xml version="1.0" encoding="UTF-8"?>
<!-- Generated by org.testng.reporters.JUnitReportReporter -->
<testsuite hostname="DESKTOP-7SGC2J0" name="testng.WorkingWithadvUserInterTc2" tests="1" failures="0" timestamp="27 Jun 2019 15:29:21 GMT" time="1.129" errors="0">
  <testcase name="mouseMove" time="1.129" classname="testng.WorkingWithadvUserInterTc2"/>
</testsuite> <!-- testng.WorkingWithadvUserInterTc2 -->
