<?xml version="1.0" encoding="UTF-8"?>
<!-- Generated by org.testng.reporters.JUnitReportReporter -->
<testsuite hostname="DESKTOP-7SGC2J0" name="testng.WorkingWithFramesTc2" tests="1" failures="0" timestamp="27 Jun 2019 14:42:15 GMT" time="0.528" errors="0">
  <testcase name="data" time="0.528" classname="testng.WorkingWithFramesTc2"/>
</testsuite> <!-- testng.WorkingWithFramesTc2 -->
