<?xml version="1.0" encoding="UTF-8"?>
<!-- Generated by org.testng.reporters.JUnitReportReporter -->
<testsuite hostname="DESKTOP-7SGC2J0" name="testng.WorkingWithCookiesTc1" tests="1" failures="0" timestamp="30 Jun 2019 17:08:48 GMT" time="1.207" errors="0">
  <testcase name="cookieCount" time="1.207" classname="testng.WorkingWithCookiesTc1"/>
</testsuite> <!-- testng.WorkingWithCookiesTc1 -->
