<?xml version="1.0" encoding="UTF-8"?>
<!-- Generated by org.testng.reporters.JUnitReportReporter -->
<testsuite hostname="DESKTOP-7SGC2J0" name="datadrivenframework.Tc3" tests="1" failures="0" timestamp="14 Jul 2019 19:12:56 GMT" time="81.183" errors="0">
  <testcase name="data" time="81.183" classname="datadrivenframework.Tc3"/>
</testsuite> <!-- datadrivenframework.Tc3 -->
