<?xml version="1.0" encoding="UTF-8"?>
<!-- Generated by org.testng.reporters.JUnitReportReporter -->
<testsuite hostname="DESKTOP-7SGC2J0" name="realtimetask.Tc2" tests="1" failures="0" timestamp="17 Jul 2019 14:47:50 GMT" time="6.136" errors="0">
  <testcase name="fathima" time="6.136" classname="realtimetask.Tc2"/>
</testsuite> <!-- realtimetask.Tc2 -->
