<?xml version="1.0" encoding="UTF-8"?>
<!-- Generated by org.testng.reporters.JUnitReportReporter -->
<testsuite hostname="DESKTOP-7SGC2J0" name="apachepoi.Mytask" tests="1" failures="0" timestamp="12 Jul 2019 15:36:56 GMT" time="2.104" errors="0">
  <testcase name="data" time="2.104" classname="apachepoi.Mytask"/>
</testsuite> <!-- apachepoi.Mytask -->
