<?xml version="1.0" encoding="UTF-8"?>
<!-- Generated by org.testng.reporters.JUnitReportReporter -->
<testsuite hostname="DESKTOP-7SGC2J0" name="apachepoi.WebdriverWithApachePoiTc1" tests="1" failures="0" timestamp="3 Jul 2019 18:02:22 GMT" time="0.999" errors="0">
  <testcase name="data" time="0.999" classname="apachepoi.WebdriverWithApachePoiTc1"/>
</testsuite> <!-- apachepoi.WebdriverWithApachePoiTc1 -->
