<?xml version="1.0" encoding="UTF-8"?>
<!-- Generated by org.testng.reporters.JUnitReportReporter -->
<testsuite hostname="DESKTOP-7SGC2J0" name="testng.WorkingWithPropertyFileTc2" tests="1" failures="0" timestamp="29 Jun 2019 17:43:06 GMT" time="40.416" errors="0">
  <testcase name="regis" time="40.416" classname="testng.WorkingWithPropertyFileTc2"/>
</testsuite> <!-- testng.WorkingWithPropertyFileTc2 -->
