<?xml version="1.0" encoding="UTF-8"?>
<!-- Generated by org.testng.reporters.JUnitReportReporter -->
<testsuite hostname="DESKTOP-7SGC2J0" name="testng.WorkingWithPopupTc1" tests="1" failures="0" timestamp="29 Jun 2019 16:21:31 GMT" time="0.029" errors="0">
  <testcase name="data" time="0.029" classname="testng.WorkingWithPopupTc1"/>
</testsuite> <!-- testng.WorkingWithPopupTc1 -->
