<?xml version="1.0" encoding="UTF-8"?>
<!-- Generated by org.testng.reporters.JUnitReportReporter -->
<testsuite hostname="DESKTOP-7SGC2J0" name="apachepoi.WebdriverWithApachePoiTc6" tests="1" failures="0" timestamp="9 Jul 2019 16:01:46 GMT" time="1.145" errors="0">
  <testcase name="data" time="1.145" classname="apachepoi.WebdriverWithApachePoiTc6"/>
</testsuite> <!-- apachepoi.WebdriverWithApachePoiTc6 -->
