<?xml version="1.0" encoding="UTF-8"?>
<!-- Generated by org.testng.reporters.JUnitReportReporter -->
<testsuite hostname="DESKTOP-7SGC2J0" name="testng.WorkingWithAutoItTc1" tests="1" failures="0" timestamp="4 Jul 2019 05:23:35 GMT" time="3.301" errors="0">
  <testcase name="robot" time="3.301" classname="testng.WorkingWithAutoItTc1"/>
</testsuite> <!-- testng.WorkingWithAutoItTc1 -->
