<?xml version="1.0" encoding="UTF-8"?>
<!-- Generated by org.testng.reporters.JUnitReportReporter -->
<testsuite hostname="DESKTOP-7SGC2J0" name="testnglisteners.WorkingWithTestnglistenerTc1" tests="1" failures="0" timestamp="2 Jul 2019 08:40:37 GMT" time="6.964" errors="0">
  <testcase name="robot" time="6.964" classname="testnglisteners.WorkingWithTestnglistenerTc1"/>
</testsuite> <!-- testnglisteners.WorkingWithTestnglistenerTc1 -->
