<?xml version="1.0" encoding="UTF-8"?>
<!-- Generated by org.testng.reporters.JUnitReportReporter -->
<testsuite hostname="DESKTOP-7SGC2J0" name="testng.WorkingWithFramesTc3" tests="1" failures="0" timestamp="27 Jun 2019 14:53:34 GMT" time="0.059" errors="0">
  <testcase name="data123" time="0.059" classname="testng.WorkingWithFramesTc3"/>
</testsuite> <!-- testng.WorkingWithFramesTc3 -->
