<?xml version="1.0" encoding="UTF-8"?>
<!-- Generated by org.testng.reporters.JUnitReportReporter -->
<testsuite hostname="DESKTOP-7SGC2J0" name="testng.WorkingWithFramesTc1" tests="1" failures="0" timestamp="26 Jun 2019 16:23:11 GMT" time="0.114" errors="0">
  <testcase name="data" time="0.114" classname="testng.WorkingWithFramesTc1"/>
</testsuite> <!-- testng.WorkingWithFramesTc1 -->
