<?xml version="1.0" encoding="UTF-8"?>
<!-- Generated by org.testng.reporters.JUnitReportReporter -->
<testsuite hostname="DESKTOP-7SGC2J0" name="keyworddrivenframework.DriverScriptforOrangehrm" tests="1" failures="0" timestamp="19 Jul 2019 18:00:06 GMT" time="16.657" errors="0">
  <testcase name="Tc1login" time="16.657" classname="keyworddrivenframework.DriverScriptforOrangehrm"/>
</testsuite> <!-- keyworddrivenframework.DriverScriptforOrangehrm -->
