<?xml version="1.0" encoding="UTF-8"?>
<!-- Generated by org.testng.reporters.JUnitReportReporter -->
<testsuite hostname="DESKTOP-7SGC2J0" name="testng.WorkingWithAdvUserInterTc5" tests="1" failures="0" timestamp="28 Jun 2019 07:18:41 GMT" time="0.382" errors="0">
  <testcase name="data" time="0.382" classname="testng.WorkingWithAdvUserInterTc5"/>
</testsuite> <!-- testng.WorkingWithAdvUserInterTc5 -->
