<?xml version="1.0" encoding="UTF-8"?>
<!-- Generated by org.testng.reporters.JUnitReportReporter -->
<testsuite hostname="DESKTOP-7SGC2J0" name="realtimetask.Tc1" tests="1" failures="0" timestamp="17 Jul 2019 14:44:04 GMT" time="9.516" errors="0">
  <testcase name="data" time="9.516" classname="realtimetask.Tc1"/>
</testsuite> <!-- realtimetask.Tc1 -->
