<?xml version="1.0" encoding="UTF-8"?>
<!-- Generated by org.testng.reporters.JUnitReportReporter -->
<testsuite hostname="DESKTOP-7SGC2J0" name="apachepoi.WebdriverWithApachePoiTc3" tests="1" failures="0" timestamp="4 Jul 2019 16:55:29 GMT" time="10.977" errors="0">
  <testcase name="data" time="10.977" classname="apachepoi.WebdriverWithApachePoiTc3"/>
</testsuite> <!-- apachepoi.WebdriverWithApachePoiTc3 -->
