<?xml version="1.0" encoding="UTF-8"?>
<!-- Generated by org.testng.reporters.JUnitReportReporter -->
<testsuite hostname="DESKTOP-7SGC2J0" name="testng.WorkingWithAlertsTc1" tests="1" failures="0" timestamp="27 Jun 2019 15:10:52 GMT" time="6.457" errors="0">
  <testcase name="alert" time="6.457" classname="testng.WorkingWithAlertsTc1"/>
</testsuite> <!-- testng.WorkingWithAlertsTc1 -->
