<?xml version="1.0" encoding="UTF-8"?>
<!-- Generated by org.testng.reporters.JUnitReportReporter -->
<testsuite hostname="DESKTOP-7SGC2J0" name="testng.WorkingWithAutoItTc3" tests="1" failures="0" timestamp="29 Jun 2019 07:19:30 GMT" time="17.386" errors="0">
  <testcase name="robot" time="17.386" classname="testng.WorkingWithAutoItTc3"/>
</testsuite> <!-- testng.WorkingWithAutoItTc3 -->
