<?xml version="1.0" encoding="UTF-8"?>
<!-- Generated by org.testng.reporters.JUnitReportReporter -->
<testsuite hostname="DESKTOP-7SGC2J0" name="testng.WorkingWithRobotTc1" tests="1" failures="0" timestamp="28 Jun 2019 15:12:27 GMT" time="6.361" errors="0">
  <testcase name="robot" time="6.361" classname="testng.WorkingWithRobotTc1"/>
</testsuite> <!-- testng.WorkingWithRobotTc1 -->
