<?xml version="1.0" encoding="UTF-8"?>
<!-- Generated by org.testng.reporters.JUnitReportReporter -->
<testsuite hostname="DESKTOP-7SGC2J0" name="testng.WorkingWithDatePickerTc2" tests="1" failures="0" timestamp="11 Jul 2019 14:00:25 GMT" time="3.076" errors="0">
  <testcase name="date" time="3.076" classname="testng.WorkingWithDatePickerTc2"/>
</testsuite> <!-- testng.WorkingWithDatePickerTc2 -->
