<?xml version="1.0" encoding="UTF-8"?>
<!-- Generated by org.testng.reporters.JUnitReportReporter -->
<testsuite hostname="DESKTOP-7SGC2J0" name="apachepoi.Mytask2" tests="1" failures="0" timestamp="11 Jul 2019 15:52:48 GMT" time="4.062" errors="0">
  <testcase name="data" time="4.062" classname="apachepoi.Mytask2"/>
</testsuite> <!-- apachepoi.Mytask2 -->
