<?xml version="1.0" encoding="UTF-8"?>
<!-- Generated by org.testng.reporters.JUnitReportReporter -->
<testsuite hostname="DESKTOP-7SGC2J0" name="testng.Tc1" tests="1" failures="0" timestamp="26 Jun 2019 16:14:36 GMT" time="0.677" errors="0">
  <testcase name="data" time="0.677" classname="testng.Tc1"/>
</testsuite> <!-- testng.Tc1 -->
